{
  "RSpec": {
    "coverage": {
      "/Users/lewis/Documents/projects/makers_wk10/GildedRose-Refactoring-Kata/ruby/base_item.rb": [
        1,
        null,
        1,
        1,
        null,
        1,
        1,
        101,
        null,
        null,
        1,
        12,
        12,
        12,
        null,
        null
      ],
      "/Users/lewis/Documents/projects/makers_wk10/GildedRose-Refactoring-Kata/ruby/item.rb": [
        1,
        1,
        null,
        1,
        113,
        113,
        113,
        null,
        null,
        1,
        101,
        null,
        null
      ],
      "/Users/lewis/Documents/projects/makers_wk10/GildedRose-Refactoring-Kata/ruby/Spec/conjured_item_spec.rb": [
        1,
        1,
        1,
        null,
        1,
        2,
        2,
        null,
        1,
        1,
        1,
        null,
        null,
        1,
        1,
        null,
        null,
        null
      ],
      "/Users/lewis/Documents/projects/makers_wk10/GildedRose-Refactoring-Kata/ruby/conjured_item.rb": [
        1,
        1,
        22,
        22,
        22,
        22,
        null,
        null
      ],
      "/Users/lewis/Documents/projects/makers_wk10/GildedRose-Refactoring-Kata/ruby/Spec/deadline_item_spec.rb": [
        1,
        1,
        1,
        null,
        1,
        null,
        2,
        2,
        2,
        2,
        2,
        null,
        1,
        1,
        1,
        null,
        null,
        1,
        1,
        null,
        null,
        1,
        1,
        null,
        null,
        1,
        1,
        null,
        null,
        1,
        1,
        null,
        null,
        null
      ],
      "/Users/lewis/Documents/projects/makers_wk10/GildedRose-Refactoring-Kata/ruby/deadline_item.rb": [
        1,
        1,
        1,
        null,
        1,
        1,
        55,
        55,
        55,
        55,
        null,
        null,
        1,
        44,
        null,
        null,
        1,
        33,
        null,
        null,
        1,
        22,
        null,
        null
      ],
      "/Users/lewis/Documents/projects/makers_wk10/GildedRose-Refactoring-Kata/ruby/Spec/gilded_rose_spec.rb": [
        1,
        1,
        null,
        1,
        11,
        11,
        11,
        11,
        11,
        11,
        11,
        11,
        11,
        11,
        null,
        11,
        null,
        null,
        null,
        null,
        11,
        null,
        null,
        1,
        10,
        null,
        null,
        1,
        1,
        1,
        null,
        null,
        1,
        1,
        null,
        null,
        1,
        1,
        null,
        null,
        1,
        1,
        null,
        null,
        1,
        1,
        null,
        null,
        1,
        1,
        null,
        null,
        1,
        1,
        null,
        null,
        1,
        1,
        null,
        null,
        1,
        1,
        null,
        null,
        1,
        1,
        null,
        null,
        null
      ],
      "/Users/lewis/Documents/projects/makers_wk10/GildedRose-Refactoring-Kata/ruby/gilded_rose.rb": [
        1,
        1,
        1,
        1,
        null,
        1,
        null,
        1,
        null,
        null,
        null,
        null,
        null,
        null,
        1,
        null,
        1,
        10,
        10,
        null,
        null,
        1,
        10,
        100,
        100,
        400,
        null,
        100,
        100,
        null,
        10,
        null,
        null,
        null
      ],
      "/Users/lewis/Documents/projects/makers_wk10/GildedRose-Refactoring-Kata/ruby/legendary_item.rb": [
        1,
        null,
        1,
        1,
        11,
        11,
        null,
        null
      ],
      "/Users/lewis/Documents/projects/makers_wk10/GildedRose-Refactoring-Kata/ruby/maturing_item.rb": [
        1,
        null,
        1,
        1,
        12,
        12,
        12,
        null,
        null
      ],
      "/Users/lewis/Documents/projects/makers_wk10/GildedRose-Refactoring-Kata/ruby/Spec/item_spec.rb": [
        1,
        1,
        null,
        1,
        1,
        1,
        1,
        1,
        null,
        null,
        null
      ],
      "/Users/lewis/Documents/projects/makers_wk10/GildedRose-Refactoring-Kata/ruby/Spec/legendary_item_spec.rb": [
        1,
        null,
        1,
        2,
        null,
        1,
        1,
        1,
        null,
        null,
        null
      ],
      "/Users/lewis/Documents/projects/makers_wk10/GildedRose-Refactoring-Kata/ruby/Spec/maturing_item_spec.rb": [
        1,
        1,
        null,
        1,
        null,
        2,
        2,
        null,
        1,
        1,
        1,
        null,
        null,
        1,
        1,
        null,
        null,
        null
      ]
    },
    "timestamp": 1522604056
  }
}
